{
  "RSpec": {
    "coverage": {
      "/home/greg/WORK/FACEBOOK/railsapp/config/environment.rb": [
        null,
        1,
        null,
        null,
        1
      ],
      "/home/greg/WORK/FACEBOOK/railsapp/config/application.rb": [
        1,
        null,
        1,
        null,
        null,
        null,
        1,
        null,
        1,
        1,
        null,
        null,
        null,
        null,
        null,
        null,
        null,
        null,
        null,
        null,
        null,
        null,
        null,
        1,
        null,
        1,
        1,
        null,
        null,
        null
      ],
      "/home/greg/WORK/FACEBOOK/railsapp/config/boot.rb": [
        1,
        null,
        1
      ],
      "/home/greg/WORK/FACEBOOK/railsapp/config/environments/test.rb": [
        1,
        null,
        null,
        null,
        null,
        null,
        null,
        1,
        null,
        null,
        null,
        null,
        1,
        null,
        null,
        1,
        1,
        null,
        null,
        1,
        1,
        null,
        null,
        1,
        null,
        null,
        1,
        null,
        null,
        null,
        null,
        1,
        null,
        null,
        1,
        null,
        null,
        1,
        null,
        null,
        null,
        null
      ],
      "/home/greg/WORK/FACEBOOK/railsapp/config/initializers/assets.rb": [
        null,
        null,
        null,
        1,
        null,
        null,
        null,
        null,
        null,
        null,
        null
      ],
      "/home/greg/WORK/FACEBOOK/railsapp/config/initializers/backtrace_silencers.rb": [
        null,
        null,
        null,
        null,
        null,
        null,
        null
      ],
      "/home/greg/WORK/FACEBOOK/railsapp/config/initializers/browser.rb": [
        1,
        1,
        null,
        1,
        null,
        1,
        null,
        1,
        0,
        null,
        null,
        0,
        null,
        null,
        null,
        1,
        1,
        null
      ],
      "/home/greg/WORK/FACEBOOK/railsapp/lib/little_market.rb": [
        null,
        null,
        null,
        null,
        1,
        1,
        1,
        null,
        1,
        1,
        1,
        0,
        0,
        null,
        null,
        null,
        1,
        1,
        null,
        null,
        null
      ],
      "/home/greg/WORK/FACEBOOK/railsapp/lib/little_market/parser.rb": [
        null,
        1,
        1,
        null,
        1,
        1,
        null,
        1,
        2,
        2,
        null,
        null,
        1,
        1,
        1,
        null,
        null,
        null,
        null,
        null
      ],
      "/home/greg/WORK/FACEBOOK/railsapp/lib/little_market/creation_parser.rb": [
        null,
        null,
        1,
        null,
        1,
        null,
        1,
        2,
        null,
        null,
        1,
        2,
        2,
        16,
        16,
        null,
        0,
        null,
        null,
        2,
        14,
        14,
        null,
        0,
        null,
        null,
        2,
        null,
        null,
        1,
        2,
        null,
        2,
        2,
        null,
        0,
        null,
        null,
        null,
        null,
        1,
        null,
        null,
        1,
        2,
        2,
        null,
        2,
        2,
        null,
        2,
        2,
        null,
        2,
        null,
        null,
        null,
        1,
        2,
        2,
        null,
        0,
        null,
        null,
        null,
        1,
        2,
        2,
        null,
        0,
        null,
        null,
        null,
        1,
        2,
        2,
        null,
        0,
        null,
        null,
        null,
        1,
        2,
        6,
        null,
        0,
        null,
        null,
        null,
        1,
        2,
        6,
        null,
        0,
        null,
        null,
        null,
        1,
        2,
        6,
        null,
        0,
        null,
        null,
        null,
        1,
        2,
        2,
        null,
        0,
        null,
        null,
        null,
        1,
        2,
        2,
        null,
        0,
        null,
        null,
        null,
        1,
        2,
        2,
        2,
        null,
        0,
        null,
        null,
        null,
        1,
        2,
        2,
        2,
        null,
        null,
        null,
        null,
        2,
        null,
        null,
        1,
        2,
        2,
        null,
        null,
        null,
        2,
        null,
        null,
        1,
        2,
        2,
        null,
        null,
        null,
        2,
        null,
        null,
        null,
        null,
        null
      ],
      "/home/greg/WORK/FACEBOOK/railsapp/lib/little_market/creations_parser.rb": [
        null,
        null,
        1,
        1,
        null,
        1,
        1,
        null,
        null,
        1,
        1,
        2,
        null,
        null,
        null,
        null,
        null
      ],
      "/home/greg/WORK/FACEBOOK/railsapp/lib/little_market/connector.rb": [
        null,
        null,
        null,
        1,
        1,
        null,
        1,
        1,
        null,
        null
      ],
      "/home/greg/WORK/FACEBOOK/railsapp/lib/little_market/capy.rb": [
        null,
        null,
        1,
        null,
        1,
        null,
        1,
        null,
        1,
        null,
        1,
        0,
        0,
        0,
        0,
        0,
        null,
        0,
        0,
        0,
        0,
        null,
        0,
        null,
        null,
        1,
        0,
        0,
        null,
        null,
        1,
        0,
        0,
        0,
        0,
        null,
        null,
        1,
        0,
        null,
        null,
        null,
        null,
        null,
        null
      ],
      "/home/greg/WORK/FACEBOOK/railsapp/lib/little_market/net.rb": [
        null,
        1,
        null,
        1,
        null,
        1,
        null,
        1,
        1,
        null,
        1,
        1,
        null,
        null,
        1,
        1,
        1,
        null,
        null,
        1,
        2,
        2,
        null,
        null,
        1,
        1,
        null,
        null,
        null,
        null,
        null
      ],
      "/home/greg/WORK/FACEBOOK/railsapp/lib/little_market/connection.rb": [
        null,
        1,
        null,
        null,
        1,
        1,
        null,
        null,
        null,
        1,
        null,
        1,
        1,
        null,
        1,
        1,
        1,
        null,
        1,
        null,
        1,
        null,
        0,
        null,
        null,
        null,
        1,
        0,
        null,
        null,
        1,
        0,
        null,
        null,
        1,
        1,
        1,
        null,
        null,
        null,
        1,
        1,
        1,
        0,
        0,
        0,
        0,
        0,
        0,
        null,
        null,
        null,
        null,
        1,
        2,
        null,
        null,
        1,
        1,
        null,
        null,
        1,
        2,
        null,
        null,
        1,
        0,
        null,
        null,
        null,
        null
      ],
      "/home/greg/WORK/FACEBOOK/railsapp/config/initializers/cookies_serializer.rb": [
        null,
        null,
        1
      ],
      "/home/greg/WORK/FACEBOOK/railsapp/config/initializers/filter_parameter_logging.rb": [
        null,
        null,
        null,
        1
      ],
      "/home/greg/WORK/FACEBOOK/railsapp/config/initializers/inflections.rb": [
        null,
        null,
        null,
        null,
        null,
        null,
        null,
        null,
        null,
        null,
        null,
        null,
        null,
        null,
        null,
        null
      ],
      "/home/greg/WORK/FACEBOOK/railsapp/config/initializers/mime_types.rb": [
        null,
        null,
        null,
        null
      ],
      "/home/greg/WORK/FACEBOOK/railsapp/config/initializers/reload_api.rb": [
        1,
        0,
        null,
        0,
        0,
        0,
        null,
        0,
        0,
        null,
        null
      ],
      "/home/greg/WORK/FACEBOOK/railsapp/config/initializers/session_store.rb": [
        null,
        null,
        1
      ],
      "/home/greg/WORK/FACEBOOK/railsapp/config/initializers/wrap_parameters.rb": [
        null,
        null,
        null,
        null,
        null,
        null,
        1,
        1,
        null,
        null,
        null,
        null,
        null,
        null
      ],
      "/home/greg/WORK/FACEBOOK/railsapp/spec/factories/creations.rb": [
        1,
        1,
        1,
        1,
        1,
        1,
        null,
        null,
        null
      ],
      "/home/greg/WORK/FACEBOOK/railsapp/spec/factories/users.rb": [
        1,
        null,
        1,
        1,
        1,
        1,
        null,
        null,
        null
      ],
      "/home/greg/WORK/FACEBOOK/railsapp/config/routes.rb": [
        1,
        null,
        1,
        1,
        null,
        1,
        null,
        1,
        null,
        1,
        1,
        null,
        1,
        null,
        1,
        null,
        null,
        null,
        null,
        null,
        1,
        null,
        null,
        null,
        null,
        null,
        null,
        null,
        null,
        null,
        null,
        null,
        null,
        null,
        null,
        null,
        null,
        null,
        null,
        null,
        null,
        null,
        null,
        null,
        null,
        null,
        null,
        null,
        null,
        null,
        null,
        null,
        null,
        null,
        null,
        null,
        null,
        null,
        null,
        null,
        null,
        null,
        null,
        null,
        null,
        null,
        null,
        null,
        null,
        null,
        null
      ],
      "/home/greg/WORK/FACEBOOK/railsapp/app/api/little_market/api.rb": [
        null,
        null,
        null,
        1,
        null,
        1,
        null,
        null,
        1,
        1,
        1,
        null,
        null,
        null,
        1,
        2,
        2,
        1,
        1,
        1,
        null,
        0,
        0,
        0,
        0,
        null,
        null,
        1,
        null,
        null,
        null,
        1,
        1,
        null,
        1,
        1,
        0,
        null,
        1,
        null,
        null,
        null,
        1,
        1,
        null,
        null,
        null,
        null,
        null,
        null,
        null,
        null,
        null
      ],
      "/home/greg/WORK/FACEBOOK/railsapp/app/helpers/application_helper.rb": [
        1,
        null
      ],
      "/home/greg/WORK/FACEBOOK/railsapp/app/helpers/creations_helper.rb": [
        1,
        null
      ],
      "/home/greg/WORK/FACEBOOK/railsapp/app/helpers/user_helper.rb": [
        1,
        null
      ],
      "/home/greg/WORK/FACEBOOK/railsapp/app/helpers/welcome_helper.rb": [
        1,
        null
      ],
      "/home/greg/WORK/FACEBOOK/railsapp/spec/support/webmock.rb": [
        1
      ],
      "/home/greg/WORK/FACEBOOK/railsapp/spec/support/database_cleaner.rb": [
        null,
        null
      ],
      "/home/greg/WORK/FACEBOOK/railsapp/spec/support/capybara.rb": [
        1,
        1,
        null,
        null
      ],
      "/home/greg/WORK/FACEBOOK/railsapp/spec/fixtures/creations.rb": [
        null,
        1,
        null,
        1,
        null,
        null,
        null,
        null,
        null,
        null,
        null,
        null,
        null,
        null,
        null,
        null,
        null,
        null,
        null,
        null,
        null,
        null,
        null,
        null,
        null,
        null,
        null,
        null,
        null,
        null,
        null,
        null,
        null,
        null,
        null,
        null,
        null,
        null,
        null,
        null,
        null,
        1,
        1,
        null,
        null,
        null
      ],
      "/home/greg/WORK/FACEBOOK/railsapp/app/models/little_market_creation.rb": [
        null,
        1,
        null,
        1,
        null,
        1,
        null,
        1,
        null,
        1,
        1,
        1,
        2,
        null,
        null,
        0,
        null,
        1,
        1,
        null,
        null,
        null,
        null,
        null
      ]
    },
    "timestamp": 1437643767
  }
}
