{
  "RSpec": {
    "coverage": {
      "/home/greg/WORK/FACEBOOK/railsapp/config/environment.rb": [
        null,
        1,
        null,
        null,
        1
      ],
      "/home/greg/WORK/FACEBOOK/railsapp/config/application.rb": [
        1,
        null,
        1,
        null,
        null,
        null,
        1,
        null,
        1,
        1,
        null,
        null,
        null,
        null,
        null,
        null,
        null,
        null,
        null,
        null,
        null,
        null,
        null,
        1,
        null,
        null
      ],
      "/home/greg/WORK/FACEBOOK/railsapp/config/boot.rb": [
        1,
        null,
        1
      ],
      "/home/greg/WORK/FACEBOOK/railsapp/config/environments/test.rb": [
        1,
        null,
        null,
        null,
        null,
        null,
        null,
        1,
        null,
        null,
        null,
        null,
        1,
        null,
        null,
        1,
        1,
        null,
        null,
        1,
        1,
        null,
        null,
        1,
        null,
        null,
        1,
        null,
        null,
        null,
        null,
        1,
        null,
        null,
        1,
        null,
        null,
        1,
        null,
        null,
        null,
        null
      ],
      "/home/greg/WORK/FACEBOOK/railsapp/config/initializers/assets.rb": [
        null,
        null,
        null,
        1,
        null,
        null,
        null,
        null,
        null,
        null,
        null
      ],
      "/home/greg/WORK/FACEBOOK/railsapp/config/initializers/backtrace_silencers.rb": [
        null,
        null,
        null,
        null,
        null,
        null,
        null
      ],
      "/home/greg/WORK/FACEBOOK/railsapp/config/initializers/browser.rb": [
        1,
        1,
        null,
        1,
        null,
        1,
        1,
        1,
        null,
        null,
        1,
        null
      ],
      "/home/greg/WORK/FACEBOOK/railsapp/config/initializers/cookies_serializer.rb": [
        null,
        null,
        1
      ],
      "/home/greg/WORK/FACEBOOK/railsapp/config/initializers/filter_parameter_logging.rb": [
        null,
        null,
        null,
        1
      ],
      "/home/greg/WORK/FACEBOOK/railsapp/config/initializers/inflections.rb": [
        null,
        null,
        null,
        null,
        null,
        null,
        null,
        null,
        null,
        null,
        null,
        null,
        null,
        null,
        null,
        null
      ],
      "/home/greg/WORK/FACEBOOK/railsapp/config/initializers/mime_types.rb": [
        null,
        null,
        null,
        null
      ],
      "/home/greg/WORK/FACEBOOK/railsapp/config/initializers/session_store.rb": [
        null,
        null,
        1
      ],
      "/home/greg/WORK/FACEBOOK/railsapp/config/initializers/wrap_parameters.rb": [
        null,
        null,
        null,
        null,
        null,
        null,
        1,
        1,
        null,
        null,
        null,
        null,
        null,
        null
      ],
      "/home/greg/WORK/FACEBOOK/railsapp/spec/factories/creations.rb": [
        1,
        1,
        1,
        1,
        1,
        1,
        1,
        1,
        1,
        1,
        1,
        1,
        1,
        1,
        1,
        1,
        1,
        null,
        null,
        null
      ],
      "/home/greg/WORK/FACEBOOK/railsapp/spec/factories/users.rb": [
        1,
        null,
        1,
        1,
        1,
        1,
        null,
        null,
        null
      ],
      "/home/greg/WORK/FACEBOOK/railsapp/config/routes.rb": [
        1,
        1,
        null,
        1,
        null,
        1,
        1,
        null,
        1,
        null,
        1,
        null,
        null,
        null,
        null,
        null,
        1,
        null,
        null,
        null,
        null,
        null,
        null,
        null,
        null,
        null,
        null,
        null,
        null,
        null,
        null,
        null,
        null,
        null,
        null,
        null,
        null,
        null,
        null,
        null,
        null,
        null,
        null,
        null,
        null,
        null,
        null,
        null,
        null,
        null,
        null,
        null,
        null,
        null,
        null,
        null,
        null,
        null,
        null,
        null,
        null,
        null,
        null,
        null,
        null,
        null,
        null
      ],
      "/home/greg/WORK/FACEBOOK/railsapp/app/helpers/application_helper.rb": [
        1,
        null
      ],
      "/home/greg/WORK/FACEBOOK/railsapp/app/helpers/user_helper.rb": [
        1,
        null
      ],
      "/home/greg/WORK/FACEBOOK/railsapp/app/helpers/welcome_helper.rb": [
        1,
        null
      ],
      "/home/greg/WORK/FACEBOOK/railsapp/spec/support/database_cleaner.rb": [
        null,
        null
      ],
      "/home/greg/WORK/FACEBOOK/railsapp/spec/support/capybara.rb": [
        null
      ],
      "/home/greg/WORK/FACEBOOK/railsapp/app/controllers/welcome_controller.rb": [
        1,
        1,
        null,
        1,
        null,
        2,
        2,
        null,
        null,
        null,
        null,
        null
      ],
      "/home/greg/WORK/FACEBOOK/railsapp/app/controllers/application_controller.rb": [
        null,
        null,
        1,
        null,
        null,
        1,
        null,
        1,
        null,
        null,
        1,
        null,
        1,
        11,
        null,
        null,
        1,
        3,
        1,
        1,
        null,
        null,
        null,
        1,
        1,
        1,
        1,
        null,
        null,
        1,
        null,
        1,
        11,
        null,
        null,
        null
      ],
      "/home/greg/WORK/FACEBOOK/railsapp/spec/features/little_market_spec.rb": [
        null,
        null,
        1,
        null,
        null,
        1,
        null,
        1,
        1,
        0,
        0,
        0,
        0,
        0,
        0,
        null,
        null,
        null,
        1,
        0,
        0,
        0,
        0,
        0,
        0,
        null,
        null,
        null,
        null,
        null,
        null,
        null,
        null,
        null,
        null,
        null,
        null,
        null,
        null,
        null,
        null,
        null,
        null
      ],
      "/home/greg/WORK/FACEBOOK/railsapp/spec/features/users_spec.rb": [
        null,
        1,
        null,
        null,
        1,
        null,
        1,
        1,
        1,
        1,
        1,
        1,
        1,
        null,
        null,
        1,
        1,
        1,
        1,
        1,
        1,
        null,
        null,
        1,
        1,
        1,
        1,
        1,
        1,
        null,
        null,
        null,
        1,
        1,
        1,
        1,
        1,
        1,
        1,
        null,
        null,
        null,
        null,
        null
      ],
      "/home/greg/WORK/FACEBOOK/railsapp/spec/lib/little_market_spec.rb": [
        null,
        null,
        null,
        null,
        1,
        1,
        null,
        1,
        null,
        1,
        null,
        1,
        2,
        2,
        null,
        1,
        1,
        null,
        null,
        1,
        null,
        null,
        null,
        null,
        1,
        15,
        15,
        null,
        1,
        1,
        null,
        null,
        1,
        1,
        1,
        null,
        null,
        1,
        1,
        null,
        null,
        1,
        1,
        null,
        null,
        1,
        1,
        null,
        null,
        1,
        1,
        1,
        1,
        null,
        null,
        1,
        1,
        1,
        1,
        null,
        null,
        1,
        1,
        1,
        1,
        null,
        null,
        1,
        1,
        null,
        null,
        1,
        1,
        null,
        null,
        1,
        1,
        null,
        null,
        1,
        1,
        1,
        null,
        null,
        1,
        1,
        1,
        null,
        null,
        1,
        1,
        1,
        null,
        null,
        null,
        null
      ],
      "/home/greg/WORK/FACEBOOK/railsapp/lib/little_market.rb": [
        null,
        null,
        null,
        null,
        1,
        null,
        1,
        null,
        1,
        null,
        1,
        14,
        null,
        null,
        1,
        0,
        0,
        0,
        null,
        0,
        0,
        null,
        0,
        null,
        null,
        1,
        1,
        null,
        1,
        null,
        null,
        null,
        1,
        null,
        null,
        1,
        1,
        1,
        null,
        1,
        1,
        null,
        1,
        1,
        null,
        1,
        null,
        null,
        null,
        1,
        1,
        null,
        null,
        1,
        1,
        null,
        null,
        1,
        1,
        null,
        null,
        1,
        3,
        null,
        null,
        1,
        3,
        null,
        null,
        1,
        3,
        null,
        null,
        1,
        1,
        null,
        null,
        1,
        1,
        null,
        null,
        1,
        1,
        1,
        null,
        null,
        1,
        null,
        null,
        null,
        null,
        1,
        null,
        null,
        1,
        1,
        null,
        null,
        null,
        1,
        null,
        null,
        1,
        null,
        null,
        null,
        1,
        null,
        null,
        null,
        null,
        1,
        null,
        1,
        3,
        null,
        null,
        1,
        3,
        2,
        null,
        null,
        null,
        null,
        null,
        1,
        null,
        1,
        0,
        null,
        null,
        1,
        2,
        null,
        null,
        null,
        null,
        null,
        1,
        null,
        1,
        2,
        2,
        null,
        null,
        2,
        0,
        0,
        null,
        2,
        null,
        null,
        null,
        null,
        null,
        1,
        null,
        1,
        null,
        1,
        0,
        0,
        null,
        0,
        0,
        0,
        null,
        0,
        0,
        0,
        0,
        null,
        null,
        0,
        null,
        null,
        null,
        null,
        1,
        0,
        null,
        null,
        null,
        null,
        null,
        null,
        null
      ],
      "/home/greg/WORK/FACEBOOK/railsapp/spec/models/creation_spec.rb": [
        1,
        null,
        1,
        1,
        null
      ],
      "/home/greg/WORK/FACEBOOK/railsapp/app/models/creation.rb": [
        1,
        null,
        null,
        null
      ],
      "/home/greg/WORK/FACEBOOK/railsapp/app/models/user.rb": [
        null,
        null,
        1,
        null,
        1,
        null,
        1,
        1,
        1,
        1,
        null,
        1,
        1,
        null,
        null,
        null,
        null,
        null,
        null
      ],
      "/home/greg/WORK/FACEBOOK/railsapp/app/validators/little_market_validator.rb": [
        null,
        1,
        null,
        1,
        null,
        null,
        1,
        null,
        5,
        null,
        0,
        null,
        0,
        0,
        0,
        null,
        null,
        null,
        null,
        null
      ],
      "/home/greg/WORK/FACEBOOK/railsapp/app/controllers/user_controller.rb": [
        null,
        1,
        null,
        null,
        1,
        1,
        1,
        null,
        null,
        null,
        1,
        3,
        3,
        null,
        null,
        1,
        3,
        3,
        3,
        1,
        1,
        2,
        2,
        2,
        null,
        null,
        null,
        1,
        1,
        1,
        1,
        null,
        0,
        0,
        null,
        null,
        null,
        null,
        1,
        0,
        0,
        0,
        null,
        null,
        null,
        1,
        null,
        null,
        null,
        1,
        null,
        1,
        3,
        null,
        null,
        null
      ]
    },
    "timestamp": 1437215919
  }
}
